2022-11-20 19:35:24.475 | INFO     | __main__:<module>:83 - [开始运行脚本]
2022-11-20 19:35:24.475 | INFO     | __main__:<module>:84 - [请输入刷多少次]
2022-11-20 19:43:20.697 | INFO     | __main__:Normal_level:47 - [已完成第1轮工作，还剩7次完成]
2022-11-20 19:43:20.865 | INFO     | UpperUtils:continue_work:216 - [点击坐标(914,613)][点击再次前往]
2022-11-20 19:51:13.578 | INFO     | __main__:Normal_level:47 - [已完成第2轮工作，还剩6次完成]
2022-11-20 19:51:13.749 | INFO     | UpperUtils:continue_work:216 - [点击坐标(912,619)][点击再次前往]
2022-11-20 19:58:51.893 | INFO     | __main__:Normal_level:47 - [已完成第3轮工作，还剩5次完成]
2022-11-20 19:58:52.060 | INFO     | UpperUtils:continue_work:216 - [点击坐标(919,617)][点击再次前往]
2022-11-20 20:06:31.934 | INFO     | __main__:Normal_level:47 - [已完成第4轮工作，还剩4次完成]
2022-11-20 20:06:32.105 | INFO     | UpperUtils:continue_work:216 - [点击坐标(919,614)][点击再次前往]
2022-11-20 20:11:33.745 | INFO     | UpperUtils:clear_storehouse:190 - [点击坐标(435,505)][点击整理]
2022-11-20 20:11:34.820 | INFO     | UpperUtils:gaming_retire:164 - [点击坐标(735,662)][点击一键退役]
2022-11-20 20:11:37.934 | INFO     | UpperUtils:yes:17 - [点击坐标(1158,660)][点击确定键]
2022-11-20 20:11:39.707 | INFO     | UpperUtils:gaming_retire:172 - [点击坐标(768.744,132.016)][随机点击]
2022-11-20 20:11:40.881 | INFO     | UpperUtils:yes:17 - [点击坐标(1156,669)][点击确定键]
2022-11-20 20:11:43.190 | INFO     | UpperUtils:yes:17 - [点击坐标(999,656)][点击确定键]
2022-11-20 20:11:45.536 | INFO     | UpperUtils:gaming_retire:180 - [点击坐标(473.092,563.608)][随机点击]
2022-11-20 20:12:22.383 | INFO     | UpperUtils:gaming_retire:164 - [点击坐标(712,677)][点击一键退役]
2022-11-20 20:12:24.790 | INFO     | UpperUtils:yes:17 - [点击坐标(1013,642)][点击确定键]
2022-11-20 20:12:26.946 | INFO     | UpperUtils:gaming_retire:172 - [点击坐标(115.195,138.123)][随机点击]
2022-11-20 20:12:27.648 | INFO     | UpperUtils:yes:17 - [点击坐标(952,553)][点击确定键]
2022-11-20 20:12:29.949 | INFO     | UpperUtils:yes:17 - [点击坐标(806,563)][点击确定键]
2022-11-20 20:12:31.923 | INFO     | UpperUtils:gaming_retire:180 - [点击坐标(454.12,99.31700000000001)][随机点击]
2022-11-20 20:12:32.512 | INFO     | UpperUtils:gaming_retire:164 - [点击坐标(724,668)][点击一键退役]
2022-11-20 20:12:35.494 | INFO     | UpperUtils:yes:17 - [点击坐标(1003,639)][点击确定键]
2022-11-20 20:12:38.302 | INFO     | UpperUtils:gaming_retire:172 - [点击坐标(188.929,180.545)][随机点击]
2022-11-20 20:12:39.249 | INFO     | UpperUtils:yes:17 - [点击坐标(970,548)][点击确定键]
2022-11-20 20:12:42.009 | INFO     | UpperUtils:yes:17 - [点击坐标(799,579)][点击确定键]
2022-11-20 20:12:43.856 | INFO     | UpperUtils:gaming_retire:180 - [点击坐标(406.861,600.678)][随机点击]
2022-11-20 20:12:44.427 | INFO     | UpperUtils:gaming_retire:164 - [点击坐标(729,665)][点击一键退役]
2022-11-20 20:12:47.054 | INFO     | UpperUtils:yes:17 - [点击坐标(1008,638)][点击确定键]
2022-11-20 20:12:49.033 | INFO     | UpperUtils:gaming_retire:172 - [点击坐标(148.343,553.477)][随机点击]
2022-11-20 20:12:50.447 | INFO     | UpperUtils:yes:17 - [点击坐标(953,540)][点击确定键]
2022-11-20 20:12:52.659 | INFO     | UpperUtils:yes:17 - [点击坐标(796,561)][点击确定键]
2022-11-20 20:12:55.350 | INFO     | UpperUtils:gaming_retire:180 - [点击坐标(271.772,152.434)][随机点击]
2022-11-20 20:12:55.990 | INFO     | UpperUtils:gaming_retire:164 - [点击坐标(708,663)][点击一键退役]
2022-11-20 20:12:56.990 | INFO     | UpperUtils:gaming_retire:183 - [退役完成]
2022-11-20 20:12:58.278 | INFO     | UpperUtils:cancel:33 - [点击坐标(949,666)][点击取消键]
2022-11-20 20:13:00.909 | INFO     | utils:cf_action:60 - [点击坐标(1225,554)][[点击自动寻敌]]
2022-11-20 20:13:01.525 | INFO     | UpperUtils:clear_storehouse:202 - [清理仓库完成]
2022-11-20 20:15:19.144 | INFO     | __main__:Normal_level:47 - [已完成第5轮工作，还剩3次完成]
2022-11-20 20:15:19.310 | INFO     | UpperUtils:continue_work:216 - [点击坐标(903,626)][点击再次前往]
2022-11-20 20:22:18.091 | INFO     | __main__:Normal_level:47 - [已完成第6轮工作，还剩2次完成]
2022-11-20 20:22:18.267 | INFO     | UpperUtils:continue_work:216 - [点击坐标(902,612)][点击再次前往]
2022-11-20 20:29:47.190 | INFO     | __main__:Normal_level:47 - [已完成第7轮工作，还剩1次完成]
2022-11-20 20:29:47.361 | INFO     | UpperUtils:continue_work:216 - [点击坐标(901,627)][点击再次前往]
2022-11-20 20:36:41.022 | INFO     | __main__:Normal_level:47 - [已完成第8轮工作，还剩0次完成]
2022-11-20 20:36:41.022 | INFO     | __main__:Normal_level:51 - [所有任务已完成]
