2022-11-20 18:42:31.207 | INFO     | __main__:<module>:83 - [开始运行脚本]
2022-11-20 18:42:31.207 | INFO     | __main__:<module>:84 - [请输入刷多少次]
2022-11-20 18:47:11.980 | INFO     | __main__:Normal_level:47 - [已完成第1轮工作，还剩9次完成]
2022-11-20 18:47:12.141 | INFO     | UpperUtils:continue_work:216 - [点击坐标(923,615)][点击再次前往]
2022-11-20 18:47:19.759 | INFO     | UpperUtils:clear_storehouse:190 - [点击坐标(443,502)][点击整理]
2022-11-20 18:47:20.972 | INFO     | UpperUtils:gaming_retire:164 - [点击坐标(708,667)][点击一键退役]
2022-11-20 18:47:22.882 | INFO     | UpperUtils:yes:17 - [点击坐标(1014,654)][点击确定键]
2022-11-20 18:47:24.955 | INFO     | UpperUtils:gaming_retire:172 - [点击坐标(311.069,174.218)][随机点击]
2022-11-20 18:47:26.125 | INFO     | UpperUtils:yes:17 - [点击坐标(963,553)][点击确定键]
2022-11-20 18:47:27.374 | INFO     | UpperUtils:yes:17 - [点击坐标(794,563)][点击确定键]
2022-11-20 18:47:28.985 | INFO     | UpperUtils:gaming_retire:180 - [点击坐标(272.085,638.649)][随机点击]
2022-11-20 18:47:29.569 | INFO     | UpperUtils:gaming_retire:164 - [点击坐标(735,668)][点击一键退役]
2022-11-20 18:47:32.385 | INFO     | UpperUtils:yes:17 - [点击坐标(1002,639)][点击确定键]
2022-11-20 18:47:34.385 | INFO     | UpperUtils:gaming_retire:172 - [点击坐标(630.609,622.33)][随机点击]
2022-11-20 18:47:35.324 | INFO     | UpperUtils:yes:17 - [点击坐标(956,549)][点击确定键]
2022-11-20 18:47:37.198 | INFO     | UpperUtils:yes:17 - [点击坐标(796,561)][点击确定键]
2022-11-20 18:47:39.568 | INFO     | UpperUtils:gaming_retire:180 - [点击坐标(934.348,513.433)][随机点击]
2022-11-20 18:47:40.132 | INFO     | UpperUtils:gaming_retire:164 - [点击坐标(720,673)][点击一键退役]
2022-11-20 18:47:42.194 | INFO     | UpperUtils:yes:17 - [点击坐标(1016,656)][点击确定键]
2022-11-20 18:47:44.526 | INFO     | UpperUtils:gaming_retire:172 - [点击坐标(557.041,545.513)][随机点击]
2022-11-20 18:47:46.135 | INFO     | UpperUtils:yes:17 - [点击坐标(968,552)][点击确定键]
2022-11-20 18:47:47.533 | INFO     | UpperUtils:yes:17 - [点击坐标(807,575)][点击确定键]
2022-11-20 18:47:48.947 | INFO     | UpperUtils:gaming_retire:180 - [点击坐标(516.15,74.793)][随机点击]
2022-11-20 18:47:49.583 | INFO     | UpperUtils:gaming_retire:164 - [点击坐标(718,663)][点击一键退役]
2022-11-20 18:47:50.333 | INFO     | UpperUtils:gaming_retire:183 - [退役完成]
2022-11-20 18:47:52.059 | INFO     | UpperUtils:cancel:33 - [点击坐标(950,674)][点击取消键]
2022-11-20 18:47:54.454 | INFO     | utils:cf_action:60 - [点击坐标(1224,555)][[点击自动寻敌]]
2022-11-20 18:47:55.290 | INFO     | UpperUtils:clear_storehouse:202 - [清理仓库完成]
2022-11-20 18:52:58.909 | INFO     | __main__:Normal_level:47 - [已完成第2轮工作，还剩8次完成]
2022-11-20 18:52:59.065 | INFO     | UpperUtils:continue_work:216 - [点击坐标(910,630)][点击再次前往]
2022-11-20 18:57:44.649 | INFO     | __main__:Normal_level:47 - [已完成第3轮工作，还剩7次完成]
2022-11-20 18:57:44.811 | INFO     | UpperUtils:continue_work:216 - [点击坐标(901,630)][点击再次前往]
2022-11-20 19:02:34.350 | INFO     | __main__:Normal_level:47 - [已完成第4轮工作，还剩6次完成]
2022-11-20 19:02:34.508 | INFO     | UpperUtils:continue_work:216 - [点击坐标(914,621)][点击再次前往]
2022-11-20 19:07:10.866 | INFO     | __main__:Normal_level:47 - [已完成第5轮工作，还剩5次完成]
2022-11-20 19:07:11.029 | INFO     | UpperUtils:continue_work:216 - [点击坐标(918,613)][点击再次前往]
2022-11-20 19:11:56.496 | INFO     | __main__:Normal_level:47 - [已完成第6轮工作，还剩4次完成]
2022-11-20 19:11:56.666 | INFO     | UpperUtils:continue_work:216 - [点击坐标(836,619)][点击再次前往]
2022-11-20 19:16:56.071 | INFO     | __main__:Normal_level:47 - [已完成第7轮工作，还剩3次完成]
2022-11-20 19:16:56.229 | INFO     | UpperUtils:continue_work:216 - [点击坐标(850,622)][点击再次前往]
2022-11-20 19:21:35.861 | INFO     | __main__:Normal_level:47 - [已完成第8轮工作，还剩2次完成]
2022-11-20 19:21:36.037 | INFO     | UpperUtils:continue_work:216 - [点击坐标(852,614)][点击再次前往]
2022-11-20 19:23:54.923 | INFO     | UpperUtils:clear_storehouse:190 - [点击坐标(434,504)][点击整理]
2022-11-20 19:23:55.800 | INFO     | UpperUtils:gaming_retire:164 - [点击坐标(714,700)][点击一键退役]
2022-11-20 19:23:57.731 | INFO     | UpperUtils:yes:17 - [点击坐标(1004,652)][点击确定键]
2022-11-20 19:24:00.042 | INFO     | UpperUtils:gaming_retire:172 - [点击坐标(345.991,193.839)][随机点击]
2022-11-20 19:24:01.573 | INFO     | UpperUtils:yes:17 - [点击坐标(973,543)][点击确定键]
2022-11-20 19:24:03.062 | INFO     | UpperUtils:yes:17 - [点击坐标(818,571)][点击确定键]
2022-11-20 19:24:05.313 | INFO     | UpperUtils:gaming_retire:180 - [点击坐标(958.595,609.232)][随机点击]
2022-11-20 19:24:05.894 | INFO     | UpperUtils:gaming_retire:164 - [点击坐标(735,671)][点击一键退役]
2022-11-20 19:24:08.241 | INFO     | UpperUtils:yes:17 - [点击坐标(1017,643)][点击确定键]
2022-11-20 19:24:10.104 | INFO     | UpperUtils:gaming_retire:172 - [点击坐标(592.721,588.109)][随机点击]
2022-11-20 19:24:10.764 | INFO     | UpperUtils:yes:17 - [点击坐标(966,535)][点击确定键]
2022-11-20 19:24:12.232 | INFO     | UpperUtils:yes:17 - [点击坐标(812,571)][点击确定键]
2022-11-20 19:24:13.521 | INFO     | UpperUtils:gaming_retire:180 - [点击坐标(812.017,109.495)][随机点击]
2022-11-20 19:24:14.188 | INFO     | UpperUtils:gaming_retire:164 - [点击坐标(714,659)][点击一键退役]
2022-11-20 19:24:15.687 | INFO     | UpperUtils:yes:17 - [点击坐标(1006,648)][点击确定键]
2022-11-20 19:24:17.698 | INFO     | UpperUtils:gaming_retire:172 - [点击坐标(206.665,255.962)][随机点击]
2022-11-20 19:24:18.476 | INFO     | UpperUtils:yes:17 - [点击坐标(972,546)][点击确定键]
2022-11-20 19:24:20.621 | INFO     | UpperUtils:yes:17 - [点击坐标(801,566)][点击确定键]
2022-11-20 19:24:22.947 | INFO     | UpperUtils:gaming_retire:180 - [点击坐标(757.714,479.57000000000005)][随机点击]
2022-11-20 19:24:23.565 | INFO     | UpperUtils:gaming_retire:164 - [点击坐标(715,658)][点击一键退役]
2022-11-20 19:24:24.837 | INFO     | UpperUtils:gaming_retire:183 - [退役完成]
2022-11-20 19:24:26.564 | INFO     | UpperUtils:cancel:33 - [点击坐标(926,668)][点击取消键]
2022-11-20 19:24:28.958 | INFO     | utils:cf_action:60 - [点击坐标(1217,549)][[点击自动寻敌]]
2022-11-20 19:24:30.055 | INFO     | UpperUtils:clear_storehouse:202 - [清理仓库完成]
2022-11-20 19:26:53.981 | INFO     | __main__:Normal_level:47 - [已完成第9轮工作，还剩1次完成]
2022-11-20 19:26:54.150 | INFO     | UpperUtils:continue_work:216 - [点击坐标(830,614)][点击再次前往]
2022-11-20 19:31:31.962 | INFO     | __main__:Normal_level:47 - [已完成第10轮工作，还剩0次完成]
2022-11-20 19:31:31.962 | INFO     | __main__:Normal_level:51 - [所有任务已完成]
